<?xml version="1.0" encoding="UTF-8"?>
<!-- Generated by org.testng.reporters.JUnitReportReporter -->
<testsuite hostname="DESKTOP-FGJNKGS" failures="0" tests="1" name="TestCases.RagisterTestCase" time="27.907" errors="0" timestamp="2022-10-20T11:16:49 MDT" skipped="0">
  <testcase classname="TestCases.RagisterTestCase" name="Ragiter" time="27.907"/>
  <system-out/>
</testsuite> <!-- TestCases.RagisterTestCase -->
