<?xml version="1.0" encoding="UTF-8"?>
<!-- Generated by org.testng.reporters.JUnitReportReporter -->
<testsuite hostname="DESKTOP-FGJNKGS" failures="0" tests="1" name="PageObeject.DesktopsPage" time="4.209" errors="0" timestamp="2022-09-15T16:34:14 MDT" skipped="0">
  <testcase classname="PageObeject.DesktopsPage" name="Desktop" time="4.209"/>
  <system-out/>
</testsuite> <!-- PageObeject.DesktopsPage -->
